[    0.000000] Initializing cgroup subsys cpuset
[    0.000000] Initializing cgroup subsys cpu
[    0.000000] Initializing cgroup subsys cpuacct
[    0.000000] Linux version 4.4.0-97-generic (buildd@lcy01-33) (gcc version 5.4.0 20160609 (Ubuntu 5.4.0-6ubuntu1~16.04.4) ) #120-Ubuntu SMP Tue Sep 19 17:28:18 UTC 2017 (Ubuntu 4.4.0-97.120-generic 4.4.87)
[    0.000000] Command line: BOOT_IMAGE=/boot/vmlinuz-4.4.0-97-generic root=LABEL=cloudimg-rootfs ro console=tty1 console=ttyS0
[    0.000000] KERNEL supported cpus:
[    0.000000]   Intel GenuineIntel
[    0.000000]   AMD AuthenticAMD
[    0.000000]   Centaur CentaurHauls
[    0.000000] ------------[ cut here ]------------
[    0.000000] WARNING: CPU: 0 PID: 0 at /build/linux-Pcn0xK/linux-4.4.0/arch/x86/kernel/fpu/xstate.c:517 fpu__init_system_xstate+0x38b/0x75a()
[    0.000000] XSAVE consistency problem, dumping leaves
[    0.000000] Modules linked in:
[    0.000000] CPU: 0 PID: 0 Comm: swapper Not tainted 4.4.0-97-generic #120-Ubuntu
[    0.000000]  0000000000000086 9da8ba3faeb008be ffffffff81e03d80 ffffffff813fabe3
[    0.000000]  ffffffff81e03dc8 ffffffff81caa640 ffffffff81e03db8 ffffffff810812e2
[    0.000000]  ffffffff81e03e48 ffffffff81e03e4c 0000000000000008 0000000000000100
[    0.000000] Call Trace:
[    0.000000]  [<ffffffff813fabe3>] dump_stack+0x63/0x90
[    0.000000]  [<ffffffff810812e2>] warn_slowpath_common+0x82/0xc0
[    0.000000]  [<ffffffff8108137c>] warn_slowpath_fmt+0x5c/0x80
[    0.000000]  [<ffffffff8107cff0>] ? xfeature_size+0x59/0x77
[    0.000000]  [<ffffffff81f6e20b>] fpu__init_system_xstate+0x38b/0x75a
[    0.000000]  [<ffffffff81f5e120>] ? early_idt_handler_array+0x120/0x120
[    0.000000]  [<ffffffff81f6db76>] fpu__init_system+0x10d/0x245
[    0.000000]  [<ffffffff81f6ec7f>] early_cpu_init+0x139/0x13e
[    0.000000]  [<ffffffff81f6ec7f>] ? early_cpu_init+0x139/0x13e
[    0.000000]  [<ffffffff81f6a181>] setup_arch+0xb4/0xcf6
[    0.000000]  [<ffffffff81f5e120>] ? early_idt_handler_array+0x120/0x120
[    0.000000]  [<ffffffff81f5ec74>] start_kernel+0xe4/0x4a2
[    0.000000]  [<ffffffff81f5e120>] ? early_idt_handler_array+0x120/0x120
[    0.000000]  [<ffffffff81f5e339>] x86_64_start_reservations+0x2a/0x2c
[    0.000000]  [<ffffffff81f5e485>] x86_64_start_kernel+0x14a/0x16d
[    0.000000] ---[ end trace 4d5ff9f2f68c4233 ]---
[    0.000000] CPUID[0d, 00]: eax=00000007 ebx=00000440 ecx=00000440 edx=00000000
[    0.000000] CPUID[0d, 01]: eax=00000000 ebx=000003c0 ecx=00000000 edx=00000000
[    0.000000] CPUID[0d, 02]: eax=00000100 ebx=00000240 ecx=00000000 edx=00000000
[    0.000000] CPUID[0d, 03]: eax=00000000 ebx=00000000 ecx=00000000 edx=00000000
[    0.000000] CPUID[0d, 04]: eax=00000000 ebx=00000000 ecx=00000000 edx=00000000
[    0.000000] CPUID[0d, 05]: eax=00000000 ebx=00000000 ecx=00000000 edx=00000000
[    0.000000] CPUID[0d, 06]: eax=00000000 ebx=00000000 ecx=00000000 edx=00000000
[    0.000000] CPUID[0d, 07]: eax=00000000 ebx=00000000 =00000000 edx=00000000
[    0.000000] CPUID[0d, 08]: eax=00000000 ebx=00000000 ecx=00000000 edx=00000000
[    0.000000] CPUID[0d, 09]: eax=00000000 ebx=00000000 ecx=00000000 edx=00000000
[    0.000000] CPUID[0d, 0a]: eax=00000000 ebx=00000000 ecx=00000000 edx=00000000
[    0.000000] CPUID[0d, 0b]: eax=00000000 ebx=00000000 ecx=00000000 edx=00000000
[    0.000000] CPUID[0d, 0c]: eax=00000000 ebx=00000000 ecx=00000000 edx=00000000
[    0.000000] CPUID[0d, 0d]: eax=00000000 ebx=00000000 ecx=00000000 edx=00000000
[    0.000000] CPUID[0d, 0e]: eax=00000000 ebx=00000000 ecx=00000000 edx=00000000
[    0.000000] CPUID[0d, 0f]: eax=00000000 ebx=00000000 ecx=00000000 edx=00000000
[    0.000000] CPUID[0d, 10]: eax=00000000 ebx=00000000 ecx=00000000 edx=00000000
[    0.000000] CPUID[0d, 11]: eax=00000000 ebx=00000000 ecx=00000000 edx=00000000
[    0.000000] x86/fpu: xstate_offset[2]:  576, xstate_sizes[2]:  256
[    0.000000] x86/fpu: Supporting XSAVE feature 0x01: 'x87 floating point registers'
[    0.000000] x86/fpu: Supporting XSAVE feature 0x02: 'SSE registers'
[    0.000000] x86/fpu: Supporting XSAVE feature 0x04: 'AVX registers'
[    0.000000] x86/fpu: Enabled xstate features 0x7, context size is 1088 bytes, using 'standard' format.
[    0.000000] x86/fpu: Using 'lazy' FPU context switches.
[    0.000000] e820: BIOS-provided physical RAM map:
[    0.000000] BIOS-e820: [mem 0x0000000000000000-0x000000000009fbff] usable
[    0.000000] BIOS-e820: [mem 0x000000000009fc00-0x000000000009ffff] reserved
[    0.000000] BIOS-e820: [mem 0x00000000000f0000-0x00000000000fffff] reserved
[    0.000000] BIOS-e820: [mem 0x0000000000100000-0x000000001ffeffff] usable
[    0.000000] BIOS-e820: [mem 0x000000001fff0000-0x000000001fffffff] ACPI data
[    0.000000] BIOS-e820: [mem 0x00000000fec00000-0x00000000fec00fff] reserved
[    0.000000] BIOS-e820: [mem 0x00000000fee00000-0x00000000fee00fff] reserved
[    0.000000] BIOS-e820: [mem 0x00000000fffc0000-0x00000000ffffffff] reserved
[    0.000000] NX (Execute Disable) protection: active
[    0.000000] SMBIOS 2.5 present.
[    0.000000] Hypervisor detected: KVM
[    0.000000] e820: last_pfn = 0x1fff0 max_arch_pfn = 0x400000000
[    0.000000] MTRR: Disabled
[    0.000000] x86/PAT: MTRRs disabled, skipping PAT initialization too.
[    0.000000] CPU MTRRs all blank - virtualized system.
[    0.000000] x86/PAT: Configuration [0-7]: WB  WT  UC- UC  WB  WT  UC- UC  
[    0.000000] found SMP MP-table at [mem 0x0009fff0-0x0009ffff] mapped at [ffff88000009fff0]
[    0.000000] Scanning 1 areas for low memory corruption
[    0.000000] RAMDISK: [mem 0x1ed71000-0x1f7fafff]
[    0.000000] ACPI: Early table checksum verification disabled
[    0.000000] ACPI: RSDP 0x00000000000E0000 000024 (v02 VBOX  )
[    0.000000] ACPI: XSDT 0x000000001FFF0030 00003C (v01 VBOX   VBOXXSDT 00000001 ASL  00000061)
[    0.000000] ACPI: FACP 0x000000001FFF00F0 0000F4 (v04 VBOX   VBOXFACP 00000001 ASL  00000061)
[    0.000000] ACPI: DSDT 0x000000001FFF0470 0021FF (v02 VBOX   VBOXBIOS 00000002 INTL 20160108)
[    0.000000] ACPI: FACS 0x000000001FFF0200 000040
[    0.000000] ACPI: FACS 0x000000001FFF0200 000040
[    0.000000] ACPI: APIC 0x000000001FFF0240 00005C (v02 VBOX   VBOXAPIC 00000001 ASL  00000061)
[    0.000000] ACPI: SSDT 0x000000001FFF02A0 0001CC (v01 VBOX   VBOXCPUT 00000002 INTL 20160108)
[    0.000000] No NUMA configuration found
[    0.000000] Faking a node at [mem 0x0000000000000000-0x000000001ffeffff]
[    0.000000] NODE_DATA(0) allocated [mem 0x1ffeb000-0x1ffeffff]
[    0.000000] kvm-clock: Using msrs 4b564d01 and 4b564d00
[    0.000000] kvm-clock: cpu 0, msr 0:1ffe3001, primary cpu clock
[    0.000000] kvm-clock: using sched offset of 3018969144 cycles
[    0.000000] clocksource: kvm-clock: mask: 0xffffffffffffffff max_cycles: 0x1cd42e4dffb, max_idle_ns: 881590591483 ns
[    0.000000] Zone ranges:
[    0.000000]   DMA      [mem 0x0000000000001000-0x0000000000ffffff]
[    0.000000]   DMA32    [mem 0x0000000001000000-0x000000001ffeffff]
[    0.000000]   Normal   empty
[    0.000000]   Device   empty
[    0.000000] Movable zone start for each node
[    0.000000] Early memory node ranges
[    0.000000]   node   0: [mem 0x0000000000001000-0x000000000009efff]
[    0.000000]   node   0: [mem 0x0000000000100000-0x000000001ffeffff]
[    0.000000] Initmemsetup node 0 [mem 0x0000000000001000-0x000000001ffeffff]
[    0.000000] ACPI: PM-Timer IO Port: 0x4008
[    0.000000] IOAPIC[0]: apic_id 2, version 32, address 0xfec00000, GSI 0-23
[    0.000000] ACPI: INT_SRC_OVR (bus 0 bus_irq 0 global_irq 2 dfl dfl)
[    0.000000] ACPI: INT_SRC_OVR (bus 0 bus_irq 9 global_irq 9 high level)
[    0.000000] Using ACPI (MADT) for SMP configuration information
[    0.000000] smpboot: Allowing 2 CPUs, 0 hotplug CPUs
[    0.000000] PM: Registered nosave memory: [mem 0x00000000-0x00000fff]
[    0.000000] PM: Registered nosave memory: [mem 0x0009f000-0x0009ffff]
[    0.000000] PM: Registered nosave memory: [mem 0x000a0000-0x000effff]
[    0.000000] PM: Registered nosave memory: [mem 0x000f0000-0x000fffff]
[    0.000000] e820: [mem 0x20000000-0xfebfffff] available for PCI devices
[    0.000000] Booting paravirtualized kernel on KVM
[    0.000000] clocksource: refined-jiffies: mask: 0xffffffff max_cycles: 0xffffffff, max_idle_ns: 7645519600211568 ns
[    0.000000] setup_percpu: NR_CPUS:512 nr_cpumask_bits:512 nr_cpu_ids:2 nr_node_ids:1
[    0.000000] PERCPU: Embedded 34 pages/cpu @ffff88001fc00000 s98328 r8192 d32744 u1048576
[    0.000000] PV qspinlock hash table entries: 256 (order: 0, 4096 bytes)
[    0.000000] Built 1 zonelists in Node order, mobility grouping on.  Total pages: 128889
[    0.000000] Policy zone: DMA32
[    0.000000] Kernel command line: BOOT_IMAGE=/boot/vmlinuz-4.4.0-97-generic root=LABEL=cloudimg-rootfs ro console=tty1 console=ttyS0
[    0.000000] PID hash table entries: 2048 (order: 2, 16384 bytes)
[    0.000000] Memory: 485692K/523832K available (8480K kernel code, 1294K rwdata, 3984K rodata, 1492K init, 1316K bss, 38140K reserved, 0K cma-reserved)
[    0.000000] SLUB: HWalign=64, Order=0-3, MinObjects=0, CPUs=2, Nodes=1
[    0.000000] Hierarchical RCU implementation.
[    0.000000] 	Build-time adjustment of leaf fanout to 64.
[    0.000000] 	RCU restricting CPUs from NR_CPUS=512 to nr_cpu_ids=2.
[    0.000000] RCU: Adjusting geometry for rcu_fanout_leaf=64, nr_cpu_ids=2
[    0.000000] NR_IRQS:33024 nr_irqs:440 16
[    0.000000] Console: colour VGA+ 80x25
[    0.000000] console [tty1] enabled
[    0.000000] console [ttyS0] enabled
[    0.000000] tsc: Detected 2591.996 MHz processor
[    4.850408] Calibrating delay loop (skipped) preset value.. 5183.99 BogoMIPS (lpj=10367984)
[    4.881314] pid_max: default: 32768 minimum: 301
[    4.935782] ACPI: Core revision 20150930
[    4.976858] ACPI: 2 ACPI AML tables successfully acquired and loaded
[    5.060918] Security Framework initialized
[    5.120473] Yama: becoming mindful.
[    5.170568] AppArmor: AppArmor initialized
[    5.246131] Dentry cache hash table entries: 65536 (order: 7, 524288 bytes)
[    5.331432] Inode-cache hash table entries: 32768 (order: 6, 262144 bytes)
[    5.439819] Mount-cache hash table entries: 1024 (order: 1, 8192 bytes)
[    5.548199] Mountpoint-cache hash table entries: 1024 (order: 1, 8192 bytes)
[    5.668146] Initializing cgroup subsys io
[    5.722938] Initializing cgroup subsys memory
[    5.788420] Initializing cgroup subsys devices
[    5.798116] Initializing cgroup subsys freezer
[    5.798884] Initializing cgroup subsys net_cls
[    5.799695] Initializing cgroup subsys perf_event
[    5.800483] Initializing cgroup subsys net_prio
[    5.811822] Initializing cgroup subsys hugetlb
[    5.838976] Initializing cgroup subsys pids
[    5.849741] CPU: Physical Processor ID: 0
[    5.850820] CPU: Processor Core ID: 0
[    5.852701] mce: CPU supports 0 MCE banks
[    5.858737] Last level iTLB entries: 4KB 64, 2MB 8, 4MB 8
[    5.859637] Last level dTLB entries: 4KB 64, 2MB 0, 4MB 0, 1GB 4
[    5.862390] Freeing SMP alternatives memory: 32K
[    5.873284] ftrace: allocating 32148 entries in 126 pages
[    5.985800] smpboot: APIC(0) Converting physical 0 to logical package 0
[    6.095444] smpboot: Max logical packages: 1
[    6.151537] x2apic enabled
[    6.197983] Switched APIC routing to physical x2apic.
[    6.262524] ..TIMER: vector=0x30 apic1=0 pin1=2 apic2=-1 pin2=-1
[    6.435472] smpboot: CPU0: Intel(R) Core(TM) i7-6500U CPU @ 2.50GHz (family: 0x6, model: 0x4e, stepping: 0x3)
[    6.538545] Performance Events: unsupported p6 CPU model 78 no PMU driver, software events only.
[    6.657896] KVM setup paravirtual spinlock
[    6.700759] x86: Booting SMP configuration:
[    6.728483] .... node  #0, CPUs:      #1
[    6.729299] kvm-clock: cpu 1, msr 0:1ffe3041, secondary cpu clock
[    6.733507] mce: CPU supports 0 MCE banks
[    6.736010] x86: Booted up 1 node, 2 CPUs
[    6.779703] smpboot: Total of 2 processors activated (10367.98 BogoMIPS)
[    6.845368] devtmpfs: initialized
[    6.894713] evm: security.selinux
[    6.912802] evm: security.SMACK64
[    6.913716] evm: security.SMACK64EXEC
[    6.914844] evm: security.SMACK64TRANSMUTE
[    6.916110] evm: security.SMACK64MMAP
[    6.917237] evm: security.ima
[    6.918207] evm: security.capability
[    6.921343] clocksource: jiffies: mask: 0xffffffff max_cycles: 0xffffffff, max_idle_ns: 7645041785100000 ns
[    6.925341] futex hash table entries: 512 (order: 3, 32768 bytes)
[    6.927443] pinctrl core: initialized pinctrl subsystem
[    6.929136] RTC time: 17:27:45, date: 10/18/17
[    6.930482] NET: Registered protocol family 16
[    6.943377] cpuidle: using governor ladder
[    6.975552] cpuidle: using governor menu
[    7.028779] PCCT header not found.
[    7.040285] ACPI: bus type PCI registered
[    7.040991] acpiphp: ACPI Hot Plug PCI Controller Driver version: 0.5
[    7.042079] PCI: Using configuration type 1 for base access
[    7.055519] ACPI: Added _OSI(Module Device)
[    7.124535] ACPI: Added _OSI(Processor Device)
[    7.187657] ACPI: Added _OSI(3.0 _SCP Extensions)
[    7.244216] ACPI: Added _OSI(Processor Aggregator Device)
[    7.260667] ACPI: Executed 1 blocks of module-level executable AML code
[    7.270637] ACPI: Interpreter enabled
[    7.318012] ACPI: (supports S0 S5)
[    7.352963] ACPI: Using IOAPIC for interrupt routing
[    7.413108] PCI: Using host bridge windows from ACPI; if necessary, use "pci=nocrs" and report a bug
[    7.513917] ACPI: PCI Root Bridge [PCI0] (domain 0000 [bus 00-ff])
[    7.569770] acpi PNP0A03:00: _OSC: OS supports [ASPM ClockPM Segments MSI]
[    7.628738] acpi PNP0A03:00: _OSC: not requesting OS control; OS requires [ExtendedConfig ASPM ClockPM MSI]
[    7.747966] acpi PNP0A03:00: fail to add MMCONFIG information, can't access extended PCI configuration space under this bridge.
[    7.876303] PCI host bridge to bus 0000:00
[    7.920965] pci_bus 0000:00: root bus resource [io  0x0000-0x0cf7 window]
[    7.979564] pci_bus 0000:00: root bus resource [io  0x0d00-0xffff window]
[    8.010164] pci_bus 0000:00: root bus resource [mem 0x000a0000-0x000bffff window]
[    8.016657] pci_bus 0000:00: root bus resource [mem 0x20000000-0xffdfffff window]
[    8.098056] pci_bus 0000:00: root bus resource [bus 00-ff]
[    8.170957] pci 0000:00:01.1: legacy IDE quirk: reg 0x10: [io  0x01f0-0x01f7]
[    8.256408] pci 0000:00:01.1: legacy IDE quirk: reg 0x14: [io  0x03f6]
[    8.269850] pci 0000:00:01.1: legacy IDE quirk: reg 0x18: [io  0x0170-0x0177]
[    8.270924] pci 0000:00:01.1: legacy IDE quirk: reg 0x1c: [io  0x0376]
[    8.341204] pci 0000:00:07.0: quirk: [io  0x4000-0x403f] claimed by PIIX4 ACPI
[    8.364768] pci 0000:00:07.0: quirk: [io  0x4100-0x410f] claimed by PIIX4 SMB
[    8.424056] ACPI: PCI Interrupt Link [LNKA] (IRQs 5 9 10 *11)
[    8.472486] ACPI: PCI Interrupt Link [LNKB] (IRQs 5 9 10 *11)
[    8.531850] ACPI: PCI Interrupt Link [LNKC] (IRQs 5 9 *10 11)
[    8.534594] ACPI: PCI Interrupt Link [LNKD] (IRQs 5 *9 10 11)
[    8.545825] ACPI: Enabled 2 GPEs in block 00 to 07
[    8.566384] vgaarb: setting as boot device: PCI:0000:00:02.0
[    8.630010] vgaarb: device added: PCI:0000:00:02.0,decodes=io+mem,owns=io+mem,locks=none
[    8.696383] vgaarb: loaded
[    8.697082] vgaarb: bridge control possible 0000:00:02.0
[    8.698420] SCSI subsystem initialized
[    8.699394] ACPI: bus type USB registered
[    8.715846] usbcore: registered new interface driver usbfs
[    8.772966] usbcore: registered new interface driver hub
[    8.778572] usbcore: registered new device driver usb
[    8.779920] PCI: Using ACPI for IRQ routing
[    8.781150] NetLabel: Initializing
[    8.781940] NetLabel:  domain hash size = 128
[    8.782860] NetLabel:  protocols = UNLABELED CIPSOv4
[    8.820878] NetLabel:  unlabeled traffic allowed by default
[    8.879029] amd_nb: Cannot enumerate AMD northbridges
[    8.944911] clocksource: Switched to clocksource kvm-clock
[    9.021754] AppArmor: AppArmor Filesystem Enabled
[    9.087817] pnp: PnP ACPI init
[    9.152788] pnp: PnP ACPI: found 3 devices
[    9.251161] clocksource: acpi_pm: mask: 0xffffff max_cycles: 0xffffff, max_idle_ns: 2085701024 ns
[    9.411675] NET: Registered protocol family 2
[    9.412870] TCP established hash table entries: 4096 (order: 3, 32768 bytes)
[    9.414214] TCP bind hash table entries: 4096 (order: 4, 65536 bytes)
[    9.415455] TCP: Hash tables configured (established 4096 bind 4096)
[    9.416701] UDP hash table entries: 256 (order: 1, 8192 bytes)
[    9.417865] UDP-Lite hash table entries: 256 (order: 1, 8192 bytes)
[    9.453254] NET: Registered protocol family 1
[    9.454201] pci 0000:00:00.0: Limiting direct PCI/PCI transfers
[    9.455357] pci 0000:00:01.0: Activating ISA DMA hang workarounds
[    9.456665] Unpacking initramfs...
[   11.175942] Freeing initrd memory: 10792K
[   11.214386] platform rtc_cmos: registered platform RTC device (no PNP device found)
[   11.294317] Scanning for low memory corruption every 60 seconds
[   11.381954] audit: initializing netlink subsys (disabled)
[   11.388215] audit: type=2000 audit(1508347666.121:1): initialized
[   11.417687] Initialise system trusted keyring
[   11.457623] HugeTLB registered 2 MB page size, pre-allocated 0 pages
[   11.545047] zbud: loaded
[   11.584153] VFS: Disk quotas dquot_6.6.0
[   11.659396] VFS: Dquot-cache hash table entries: 512 (order 0, 4096 bytes)
[   11.766314] squashfs: version 4.0 (2009/01/31) Phillip Lougher
[   11.876063] fuse init (API version 7.23)
[   11.946409] Key type big_key registered
[   11.962559] Allocating IMA MOK and blacklist keyrings.
[   11.978496] Key type asymmetric registered
[   12.026331] Asymmetric key parser 'x509' registered
[   12.078708] Block layer SCSI generic (bsg) driver version 0.4 loaded (major 249)
[   12.132319] io scheduler noop registered
[   12.133197] io scheduler deadline registered (default)
[   12.134312] io scheduler cfq registered
[   12.135289] pci_hotplug: PCI Hot Plug PCI Core version: 0.5
[   12.162850] pciehp: PCI Express Hot Plug Controller Driver version: 0.4
[   12.249387] tsc: Refined TSC clocksource calibration: 2592.292 MHz
[   12.296865] clocksource: tsc: mask: 0xffffffffffffffff max_cycles: 0x255dcae15b7, max_idle_ns: 440795315192 ns
[   12.297112] ACPI: AC Adapter [AC] (off-line)
[   12.297174] input: Power Button as /devices/LNXSYSTM:00/LNXPWRBN:00/input/input0
[   12.297177] ACPI: Power Button [PWRF]
[   12.297252] input: Sleep Button as /devices/LNXSYSTM:00/LNXSLPBN:00/input/input1
[   12.297254] ACPI: Sleep Button [SLPF]
[   12.301490] GHES: HEST is not enabled!
[   12.302196] ACPI: Battery Slot [BAT0] (battery present)
[   12.302250] Serial: 8250/16550 driver, 32 ports, IRQ sharing enabled
[   12.349806] 00:02: ttyS0 at I/O 0x3f8 (irq = 4, base_baud = 115200) is a 16550A
[   12.409036] Linux agpgart interface v0.103
[   12.449509] loop: module loaded
[   12.450139] scsi host0: ata_piix
[   12.450210] scsi host1: ata_piix
[   12.450243] ata1: PATA max UDMA/33 cmd 0x1f0 ctl 0x3f6 bmdma 0xd000 irq 14
[   12.450244] ata2: PATA max UDMA/33 cmd 0x170 ctl 0x376 bmdma 0xd008 irq 15
[   12.450312] libphy: Fixed MDIO Bus: probed
[   12.450314] tun: Universal TUN/TAP device driver, 1.6
[   12.450315] tun: (C) 1999-2004 Max Krasnyansky <maxk@qualcomm.com>
[   12.450624] PPP generic driver version 2.4.2
[   12.450695] ehci_hcd: USB 2.0 'Enhanced' Host Controller (EHCI) Driver
[   12.450700] ehci-pci: EHCI PCI platform driver
[   12.450720] ehci-platform: EHCI generic platform driver
[   12.450729] ohci_hcd: USB 1.1 'Open' Host Controller (OHCI) Driver
[   12.450733] ohci-pci: OHCI PCI platform driver
[   12.450742] ohci-platform: OHCI generic platform driver
[   12.450751] uhci_hcd: USB Universal Host Controller Interface driver
[   12.450817] i8042: PNP: PS/2 Controller [PNP0303:PS2K,PNP0f03:PS2M] at 0x60,0x64 irq 1,12
[   12.461937] serio: i8042 KBD port at 0x60,0x64 irq 1
[   12.461944] serio: i8042 AUX port at 0x60,0x64 irq 12
[   12.462146] mousedev: PS/2 mouse device common for all mice
[   12.462543] rtc_cmos rtc_cmos: rtc core: registered rtc_cmos as rtc0
[   12.462610] rtc_cmos rtc_cmos: alarms up to one day, 114 bytes nvram
[   12.462618] i2c /dev entries driver
[   12.462688] device-mapper: uevent: version 1.0.3
[   12.462757] device-mapper: ioctl: 4.34.0-ioctl (2015-10-28) initialised: dm-devel@redhat.com
[   12.462774] ledtrig-cpu: registered to indicate activity on CPUs
[   12.463103] NET: Registered protocol family 10
[   12.463286] NET: Registered protocol family 17
[   12.463299] Key type dns_resolver registered
[   12.485488] microcode: CPU0 sig=0x406e3, pf=0x2, revision=0x0
[   12.485537] microcode: CPU1 sig=0x406e3, pf=0x2, revision=0x0
[   12.485623] microcode: Microcode Update Driver: v2.01 <tigran@aivazian.fsnet.co.uk>, Peter Oruba
[   12.485779] registered taskstats version 1
[   12.485798] Loading compiled-in X.509 certificates
[   12.486586] Loaded X.509 cert 'Build time autogenerated kernel key: d1010f9627fd9242df4b03365d2931dfd1ad3d42'
[   12.486612] zswap: loaded using pool lzo/zbud
[   12.489066] Key type trusted registered
[   12.491943] Key type encrypted registered
[   12.491951] AppArmor: AppArmor sha1 policy hashing enabled
[   12.491955] ima: No TPM chip found, activating TPM-bypass!
[   12.491980] evm: HMAC attrs: 0x1
[   12.492260]   Magic number: 5:108:492
[   12.493623] rtc_cmos rtc_cmos: setting system clock to 2017-10-18 17:27:51 UTC (1508347671)
[   12.493746] BIOS EDD facility v0.16 2004-Jun-25, 0 devices found
[   12.493747] EDD information not available.
[   12.497639] input: AT Translated Set 2 keyboard as /devices/platform/i8042/serio0/input/input2
[   13.864584] Freeing unused kernel memory: 1492K
[   14.247765] Write protecting the kernel read-only data: 14336k
[   14.448815] Freeing unused kernel memory: 1748K
[   14.528204] Freeing unused kernel memory: 112K
Loading, please [   14.561184] random: systemd-udevd: uninitialized urandom read (16 bytes read, 5 bits of entropy available)
wait...
starting version 229
[   14.562089] random: udevadm: uninitialized urandom read (16 bytes read, 5 bits of entropy available)
[   14.562122] random: udevadm: uninitialized urandom read (16 bytes read, 5 bits of entropy available)
[   14.562221] random: udevadm: uninitialized urandom read (16 bytes read, 5 bits of entropy available)
[   14.562255] random: udevadm: uninitialized urandom read (16 bytes read, 5 bits of entropy available)
[   14.562298] random: udevadm: uninitialized urandom read (16 bytes read, 5 bits of entropy available)
[   14.562341] random: udevadm: uninitialized urandom read (16 bytes read, 5 bits of entropy available)
[   14.562374] random: udevadm: uninitialized urandom read (16 bytes read, 5 bits of entropy available)
[   14.562405] random: udevadm: uninitialized urandom read (16 bytes read, 5 bits of entropy available)
[   14.562437] random: udevadm: uninitialized urandom read (16 bytes read, 5 bits of entropy available)
[   16.646661] e1000: Intel(R) PRO/1000 Network Driver - version 7.3.21-k8-NAPI
[   16.713246] e1000: Copyright (c) 1999-2006 Intel Corporation.
[   16.739443] Fusion MPT base driver 3.04.20
[   16.749726] Copyright (c) 1999-2008 LSI Corporation
[   16.798732] AVX version of gcm_enc/dec engaged.
[   16.824629] AES CTR mode by8 optimization enabled
[   16.894300] Fusion MPT SPI Host driver 3.04.20
[   17.030594] input: ImExPS/2 Generic Explorer Mouse as /devices/platform/i8042/serio1/input/input4
[   17.172557] e1000 0000:00:03.0 eth0: (PCI:33MHz:32-bit) 02:14:68:3e:84:47
[   17.179228] e1000 0000:00:03.0 eth0: Intel(R) PRO/1000 Network Connection
[   17.181396] mptbase: ioc0: Initiating bringup
[   17.221526] e1000 0000:00:03.0 enp0s3: renamed from eth0
[   17.309388] ioc0: LSI53C1030 A0: Capabilities={Initiator}
[   17.492722] scsi host2: ioc0: LSI53C1030 A0, FwRev=00000000h, Ports=1, MaxQ=256, IRQ=20
[   17.758693] scsi 2:0:0:0: Direct-Access     VBOX     HARDDISK         1.0  PQ: 0 ANSI: 5
[   18.089752] scsi target2:0:0: Beginning Domain Validation
[   18.091851] scsi target2:0:0: Domain Validation skipping write tests
[   18.094163] scsi target2:0:0: Ending Domain Validation
[   18.095260] scsi target2:0:0: asynchronous
[   18.098375] scsi 2:0:1:0: Direct-Access     VBOX     HARDDISK         1.0  PQ: 0 ANSI: 5
[   18.118357] scsi target2:0:1: Beginning Domain Validation
[   18.228879] scsi target2:0:1: Domain Validation skipping write tests
[   18.497755] scsi target2:0:1: Ending Domain Validation
[   18.777796] scsi target2:0:1: asynchronous
[   18.801710] sd 2:0:0:0: [sda] 20971520 512-byte logical blocks: (10.7 GB/10.0 GiB)
[   18.801887] sd 2:0:0:0: Attached scsi generic sg0 type 0
[   18.802241] sd 2:0:1:0: Attached scsi generic sg1 type 0
[   18.927760] sd 2:0:1:0: [sdb] 20480 512-byte logical blocks: (10.5 MB/10.0 MiB)
[   18.927888] sd 2:0:0:0: [sda] Write Protect is off
[   18.927944] sd 2:0:0:0: [sda] Incomplete mode parameter data
[   18.927945] sd 2:0:0:0: [sda] Assuming drive cache: write through
[   19.132169]  sda: sda1
[   19.132865] sd 2:0:0:0: [sda] Attached SCSI disk
[   19.278829] sd 2:0:1:0: [sdb] Write Protect is off
[   19.288381] sd 2:0:1:0: [sdb] Incomplete mode parameter data
[   19.458138] sd 2:0:1:0: [sdb] Assuming drive cache: write through
[   19.487211] sd 2:0:1:0: [sdb] Attached SCSI disk
[   19.797529] floppy0: no floppy controllers found
Begin: Loading e[   21.164824] md: linear personality registered for level -1
ssential drivers ... [   21.510268] md: multipath personality registered for level -4
[   21.529430] md: raid0 personality registered for level 0
[   21.602820] md: raid1 personality registered for level 1
[   21.908932] raid6: sse2x1   gen()  8433 MB/s
[   21.984962] raid6: sse2x1   xor()  5231 MB/s
[   22.068944] raid6: sse2x2   gen()  9612 MB/s
[   22.140950] raid6: sse2x2   xor()  6702 MB/s
[   22.264962] raid6: sse2x4   gen() 11040 MB/s
[   22.356947] raid6: sse2x4   xor()  7694 MB/s
[   22.386657] raid6: using algorithm sse2x4 gen() 11040 MB/s
[   22.387722] raid6: .... xor() 7694 MB/s, rmw enabled
[   22.388720] raid6: using ssse3x2 recovery algorithm
[   22.411733] xor: automatically using best checksumming function:
[   22.465987]    avx       : 21127.000 MB/sec
[   22.729174] async_tx: api initialized (async)
[   22.742392] md: raid6 personality registered for level 6
[   22.789789] md: raid5 personality registered for level 5
[   22.845359] md: raid4 personality registered for level 4
[   22.905981] md: raid10 personality registered for level 10
done.
Begin: Running /scripts/init-premount ... done.
Begin: Mounting root file system ... Begin: Running /scripts/local-top ... done.
Begin: Running /scripts/local-premount ... [   22.970803] Btrfs loaded
Scanning for Btrfs filesystems
done.
Warning: fsck no[   23.026969] EXT4-fs (sda1): mounted filesystem with ordered data mode. Opts: (null)
t present, so skipping root file system
done.
Begin: Running /scripts/local-bottom ... done.
Begin: Running /scripts/init-bottom ... done.
[   23.232585] systemd[1]: systemd 229 running in system mode. (+PAM +AUDIT +SELINUX +IMA +APPARMOR +SMACK +SYSVINIT +UTMP +LIBCRYPTSETUP +GCRYPT +GNUTLS +ACL +XZ -LZ4 +SECCOMP +BLKID +ELFUTILS +KMOD -IDN)
[   23.338571] systemd[1]: Detected virtualization oracle.
[   23.409451] systemd[1]: Detected architecture x86-64.

Welcome to [1mUbuntu 16.04.3 LTS[0m!

[   23.482996] systemd[1]: Set hostname to <ubuntu>.
[   23.560339] systemd[1]: Initializing machine ID from random generator.
[   23.581776] systemd[1]: Installed transient /etc/machine-id file.
[   23.763111] systemd[1]: Listening on Device-mapper event daemon FIFOs.
[[0;32m  OK  [0m] Listening on Device-mapper event daemon FIFOs.
[   23.775857] systemd[1]: Listening on LVM2 metadata daemon socket.
[[0;32m  OK  [0m] Listening on LVM2 metadata daemon socket.
[   23.789184] systemd[1]: Reached target Swap.
[[0;32m  OK  [0m] Reached target Swap.
[   23.868777] systemd[1]: Listening on udev Kernel Socket.
[[0;32m  OK  [0m] Listening on udev Kernel Socket.
[   23.925221] systemd[1]: Listening on Syslog Socket.
[[0;32m  OK  [0m] Listening on Syslog Socket.
[   24.049230] systemd[1]: Listening on Journal Audit Socket.
[[0;32m  OK  [0m] Listening on Journal Audit Socket.
[   24.156010] systemd[1]: Reached target Encrypted Volumes.
[[0;32m  OK  [0m] Reached target Encrypted Volumes.
[   24.169738] systemd[1]: Listening on Journal Socket (/dev/log).
[[0;32m  OK  [0m] Listening on Journal Socket (/dev/log).
[   24.189238] systemd[1]: Set up automount Arbitrary Executable File Formats File System Automount Point.
[[0;32m  OK  [0m] Set up automount Arbitrary Executab...ats File System Automount Point.
[   24.337413] systemd[1]: Created slice System Slice.
[[0;32m  OK  [0m] Created slice System Slice.
[   24.423888] systemd[1]: Created slice system-serial\x2dgetty.slice.
[[0;32m  OK  [0m] Created slice system-serial\x2dgetty.slice.
[   24.533607] systemd[1]: Started Trigger resolvconf update for networkd DNS.
[[0;32m  OK  [0m] Started Trigger resolvconf update for networkd DNS.
[   24.537540] systemd[1]: Started Forward Password Requests to Wall Directory Watch.
[[0;32m  OK  [0m] Started Forward Password Requests to Wall Directory Watch.
[   24.549301] systemd[1]: Created slice User and Session Slice.
[[0;32m  OK  [0m] Created slice User and Session Slice.
[   24.651597] systemd[1]: Reached target Slices.
[[0;32m  OK  [0m] Reached target Slices.
[   24.749243] systemd[1]: Listening on LVM2 poll daemon socket.
[[0;32m  OK  [0m] Listening on LVM2 poll daemon socket.
[   24.810854] systemd[1]: Listening on udev Control Socket.
[[0;32m  OK  [0m] Listening on udev Control Socket.
[   24.842301] systemd[1]: Listening on /dev/initctl Compatibility Named Pipe.
[[0;32m  OK  [0m] Listening on /dev/initctl Compatibility Named Pipe.
[   25.005430] systemd[1]: Reached target User and Group Name Lookups.
[[0;32m  OK  [0m] Reached target User and Group Name Lookups.
[   25.008568] systemd[1]: Listening on Journal Socket.
[[0;32m  OK  [0m] Listening on Journal Socket.
[   25.097101] systemd[1]: Starting Nameserver information manager...
[   25.232159] random: nonblocking pool is initialized
         Starting Nameserver information manager...
[   25.380225] systemd[1]: Starting Uncomplicated firewall...
         Starting Uncomplicated firewall...
[   25.471185] systemd[1]: Starting Set console keymap...
         Starting Set console keymap...
[   25.537985] systemd[1]: Mounting POSIX Message Queue File System...
         Mounting POSIX Message Queue File System...
[   25.637143] systemd[1]: Mounting Huge Pages File System...
         Mounting Huge Pages File System...
[   25.705709] systemd[1]: Starting Create list of required static device nodes for the current kernel...
         Starting Create list of required st... nodes for the current kernel...
[   25.799630] systemd[1]: Starting Journal Service...
         Starting Journal Service...
[   25.853140] systemd[1]: Starting Load Kernel Modules...
[   25.881892] Loading iSCSI transport class v2.0-870.
         Starting Load Kernel Modules...
[   25.916603] iscsi: registered transport (tcp)
[   25.921865] systemd[1]: Starting Remount Root and Kernel File Systems...
[   25.925931] EXT4-fs (sda1): re-mounted. Opts: (null)
         Starting Remount Root and Kernel File Systems...
[   25.967319] iscsi: registered transport (iser)
[   26.029176] systemd[1]: Mounting Debug File System...
         Mounting Debug File System...
[   26.064821] systemd[1]: Starting Monitoring of LVM2 mirrors, snapshots etc. using dmeventd or progress polling...
         Starting Monitoring of LVM2 mirrors... dmeventd or progress polling...
[   26.259658] systemd[1]: Mounted Debug File System.
[[0;32m  OK  [0m] Mounted Debug File System.
[   26.373297] systemd[1]: Mounted Huge Pages File System.
[[0;32m  OK  [0m] Mounted Huge Pages File System.
[   26.405595] systemd[1]: Mounted POSIX Message Queue File System.
[[0;32m  OK  [0m] Mounted POSIX Message Queue File System.
[   26.628322] systemd[1]: Started Journal Service.
[[0;32m  OK  [0m] Started Journal Service.
[[0;32m  OK  [0m] Started Uncomplicated firewall.
[[0;32m  OK  [0m] Started Set console keymap.
[[0;32m  OK  [0m] Started Create list of required sta...ce nodes for the current kernel.
[[0;32m  OK  [0m] Started Load Kernel Modules.
[[0;32m  OK  [0m] Started Remount Root and Kernel File Systems.
[[0;32m  OK  [0m] Started Nameserver information manager.
[[0;32m  OK  [0m] Started LVM2 metadata daemon.
         Starting Initial cloud-init job (pre-networking)...
         Starting udev Coldplug all Devices...
         Starting Load/Save Random Seed...
         Starting Apply Kernel Variables...
         Mounting FUSE Control File System...
         Starting Create Static Device Nodes in /dev...
         Starting Flush Journal to Persistent Storage...
[[0;32m  OK  [0m] Mounted FUSE Control File System.
[[0;32m  OK  [0m] Started Load/Save Random Seed.
[[0;32m  OK  [0m] Started Apply Kernel Variables.
[[0;32m  OK  [0m] Started Create Static Device Nodes in /dev.
[[0;32m  OK  [0m] Started udev Coldplug all Devices.
[[0;32m  OK  [0m] Started Flush Journal to Persistent Storage.
         Starting udev Kernel Device Manager...
[[0;32m  OK  [0m] Started udev Kernel Device Manager.
[[0;32m  OK  [0m] Started Dispatch Password Requests to Console Directory Watch.
[[0;32m  OK  [0m] Started Monitoring of LVM2 mirrors,...ng dmeventd or progress polling.
[[0;32m  OK  [0m] Found device /dev/ttyS0.
[[0;32m  OK  [0m] Reached target Local File Systems (Pre).
[[0;32m  OK  [0m] Reached target Local File Systems.
         Starting LSB: AppArmor initialization...
         Starting Tell Plymouth To Write Out Runtime Data...
         Starting Commit a transient machine-id on disk...
[   19.830757] cloud-init[442]: Cloud-init v. 0.7.9 running 'init-local' at Wed, 18 Oct 2017 17:28:07 +0000. Up 19.54 seconds.
         Starting Create Volatile Files and Directories...
         Starting Set console font and keymap...
[[0;32m  OK  [0m] Started Tell Plymouth To Write Out Runtime Data.
[[0;32m  OK  [0m] Started Commit a transient machine-id on disk.
[[0;32m  OK  [0m] Started Create Volatile Files and Directories.
[[0;32m  OK  [0m] Started Initial cloud-init job (pre-networking).
[[0;32m  OK  [0m] Started Set console font and keymap.
[[0;32m  OK  [0m] Listening on Load/Save RF Kill Switch Status /dev/rfkill Watch.
[[0;32m  OK  [0m] Created slice system-getty.slice.
[[0;32m  OK  [0m] Reached target Network (Pre).
[[0;32m  OK  [0m] Reached target System Time Synchronized.
         Starting Update UTMP about System Boot/Shutdown...
[[0;32m  OK  [0m] Started Update UTMP about System Boot/Shutdown.
[[0;32m  OK  [0m] Started LSB: AppArmor initialization.
         Starting Raise network interfaces...
[[0;32m  OK  [0m] Started Raise network interfaces.
[[0;32m  OK  [0m] Reached target Network.
         Starting Initial cloud-init job (metadata service crawler)...
[   23.555844] cloud-init[932]: Cloud-init v. 0.7.9 running 'init' at Wed, 18 Oct 2017 17:28:10 +0000. Up 22.95 seconds.
[   23.604427] [cloud-init[0;32m  OK  [0m[932]: ] ci-info: +++++++++++++++++++++++++++++++++++++Net device info++++++++++++++++++++++++++++++++++++++Started Initial cloud-init job (metadata service crawler).

[   23.604727] cloud-init[932]: ci-info: +--------+------+----------------------------+---------------+-------+-------------------+
[   23.684235] [cloud-init[0;32m  OK  [0m[932]: ] ci-info: | Device |  Up  |          Address           |      Mask     | Scope |     Hw-Address    |Reached target System Initialization.

[   23.684687]          cloud-initStarting Socket activation for snappy daemon.[932]: 
ci-info: +--------+------+----------------------------+---------------+-------+-------------------+
[   23.711143] [cloud-init[0;32m  OK  [0m[932]: ] ci-info: | enp0s3 | True |         10.0.2.15          | 255.255.255.0 |   .   | 02:14:68:3e:84:47 |Started ACPI Events Check.

[   23.716405] [cloud-init[0;32m  OK  [0m[932]: ] ci-info: | enp0s3 | True | fe80::14:68ff:fe3e:8447/64 |       .       |  link | 02:14:68:3e:84:47 |Reached target Paths.

[[0;32m  OK  [0m] Listening on D-Bus System Message Bus Socket.
[   23.716818] cloud-init[932]: ci-info: |   lo   | True |         127.0.0.1          |   255.0.0.0   |   .   |         .         |
[   23.804677] [cloud-init[0;32m  OK  [0m[932]: ] ci-info: |   lo   | True |          ::1/128           |       .       |  host |         .         |Listening on UUID daemon activation socket.

[   23.806160]          Starting LXD - unix socket.
[[0;32m  OK  [0m] Listening on ACPID Listen Socket.
[[0;32m  OK  [0m] Started Daily Cleanup of Temporary Directories.
[[0;32m  OK  [0m] Started Timer to automatically refresh installed snaps.
[[0;32m  OK  [0m] Started Timer to automatically fetch and run repair assertions.
[[0;32m  OK  [0m] Reached target Cloud-config availability.
[[0;32m  OK  [0m] Reached target Network is Online.
cloud-init[932]: ci-info: +--------+------+----------------------------+---------------+-------+-------------------+
[   23.862263] cloud-init[932]: ci-info: +++++++++++++++++++++++++++Route IPv4 info++++++++++++++++++++++++++++
[   23.867284] cloud-init[932]: ci-info: +-------+-------------+----------+---------------+-----------+-------+
[   23.872635] cloud-init[932]: ci-info: | Route | Destination | Gateway  |    Genmask    | Interface | Flags |
[   23.876299] cloud-init[932]: ci-info: +-------+-------------+----------+---------------+-----------+-------+
[   23.880160]          cloud-initStarting iSCSI initiator daemon (iscsid)...[932]: 
ci-info: |   0   |   0.0.0.0   | 10.0.2.2 |    0.0.0.0    |   enp0s3  |   UG  |
[   23.883970] [cloud-init[0;32m  OK  [0m[932]: ] ci-info: |   1   |   10.0.2.0  | 0.0.0.0  | 255.255.255.0 |   enp0s3  |   U   |Started Daily apt download activities.

[[0;32m  OK  [0m] Started Daily apt upgrade and clean activities.
[[0;32m  OK  [0m] Reached target Timers.
[   23.884319] cloud-init[932]: ci-info: +-------+-------------+----------+---------------+-----------+-------+
[[0;32m  OK  [0m] Listening on Socket activation for snappy daemon.
[[0;32m  OK  [0m] Listening on LXD - unix socket.
[   23.927396] cloud-init[932]: Generating public/private rsa key pair.
[   24.008425] [cloud-init[0;32m  OK  [0m[932]: ] Your identification has been saved in /etc/ssh/ssh_host_rsa_key.Started iSCSI initiator daemon (iscsid).

[   24.008811] cloud-init[932]: Your public key has been saved in /etc/ssh/ssh_host_rsa_key.pub.
[   24.058738] cloud-init[932]: The key fingerprint is:
[   24.060660] cloud-init[932]: SHA256:tne25OpPmseLZ5MiG9Ouku+5hhli4XuyLIz2mXynGcg root@ubuntu-xenial
[   24.065249] cloud-init[932]: The key's randomart image is:
[   24.080166] cloud-init[932]: +---[RSA 2048]----+
[   24.080357] cloud-init[932]: |                 |
[   24.080821] cloud-init[932]: |                 |
[   24.081018] cloud-init[932]: |                 |
[   24.081233] cloud-init[932]: |    .            |
[   24.081436] cloud-init[932]: |   . .  S        |
[   24.081645] cloud-init[932]: |  . = .. o       |
[   24.081845] cloud-init[932]: | o E + =+ o.=.   |
[   24.082051] cloud-init[932]: |..+.=.O.o*.XB.   |
[   24.082260] cloud-init[932]: |. .*+*o=B*BB=o   |
[   24.082457] cloud-init[932]: +----[SHA256]-----+
[   24.082863] cloud-init[932]: Generating public/private dsa key pair.
[   24.083065] cloud-init[932]: Your identification has been saved in /etc/ssh/ssh_host_dsa_key.
[   24.083275] cloud-init[932]: Your public key has been saved in /etc/ssh/ssh_host_dsa_key.pub.
[   24.083478] cloud-init[932]: The key fingerprint is:
[   24.083677] cloud-init[932]: SHA256:C95xu6ZIcM1/sZgwCFdCuye6cvjDR6WlnxOxg5rhVGA root@ubuntu-xenial
[   24.083880] cloud-init[932]: The key's randomart image is:
[   24.084296] cloud-init[932]: +---[DSA 1024]----+
         Starting Login to default iSCSI targets...
[   24.084399] cloud-init[932]: |     .o .        |
[   24.247573] cloud-init[932]: |    E  +         |
[   24.247887] cloud-init[932]: |   ...o          |
[[0;32m  OK  [0m] Reached target Sockets.
[   24.248082] cloud-init[932]: |     o.=+        |
[   24.264654] cloud-init[932]: |    ..**So. .    |
[[0;32m  OK  [0m] Reached target Basic System.
[   24.264739] cloud-init[932]: |    o===+B + o   |
[   24.314213] cloud-init[932]: |   =.=o.o+= o    |
[   24.336339] cloud-init[932]: |  o Bo..+ .o     |
[   24.336524] cloud-init[932]: |   +oo. .+.      |
[[0;32m  OK  [0m] Started Deferred execution scheduler.
[   24.336637] cloud-init[932]: +----[SHA256]-----+
[   24.372910] cloud-init[932]: Generating public/private ecdsa key pair.
[   24.384173] cloud-init[932]: Your identification has been saved in /etc/ssh/ssh_host_ecdsa_key.
[[0;32m  OK  [0m] Started FUSE filesystem for LXC.
[   24.384445] cloud-init[932]: Your public key has been saved in /etc/ssh/ssh_host_ecdsa_key.pub.
[   24.420251] cloud-init[932]: The key fingerprint is:
[   24.420433] cloud-init[932]: SHA256:eQRqh3IKqqjhkyoC8KQNeXtgKz57hvAnfZ7SLNlARzs root@ubuntu-xenial
[[0;32m  OK  [0m] Started D-Bus System Message Bus.
[   24.420555] cloud-init[932]: The key's randomart image is:
[   24.444174] cloud-init[932]: +---[ECDSA 256]---+
[   24.449111] cloud-init[932]: |        .        |
[   24.456709] cloud-init[932]: |      .o .       |
[   24.464266] cloud-init[932]: | .. ..=.. .      |
[   24.464487] cloud-init[932]: |+.=..=E. o       |
         Starting /etc/rc.local Compatibility...
[   24.464584] cloud-init[932]: |oO =.. .S .      |
[   24.533078] cloud-init[932]: |B = o    .       |
[   24.560375] cloud-init[932]: |Booo *           |
[   24.560567] cloud-init[932]: |=Boo* =.         |
[[0;32m  OK  [0m] Started ACPI event daemon.
[[   24.560670] cloud-init[932]: |*o*o =o          |
[   24.600724] cloud-init[932]: +----[SHA256]-----+
[0;32m  OK  [0m] Started Unattended Upgrades Shutdown.
[   24.600916] cloud-init[932]: Generating public/private ed25519 key pair.
[   24.698056] cloud-init[932]: Your identification has been saved in /etc/ssh/ssh_host_ed25519_key.
[   24.698329] cloud-init[932]: Your public key has been saved in /etc/ssh/ssh_host_ed25519_key.pub.
[   24.698522] cloud-init[932]: The key fingerprint is:
[   24.698599] cloud-init[932]: SHA256:boqW5H4W1KLF6TiOoHb3MQ8Ada/tNTfkWTtmo5JpZVU root@ubuntu-xenial
         Starting Accounts Service...
[   24.698727] cloud-init[932]: The key's randomart image is:
[   24.762391] cloud-init[932]: +--[ED25519 256]--+
[   24.762832] cloud-init[932]: |     . .        E|
         Starting System Logging Service...
[   24.762940] cloud-init[932]: |    . . .       .|
[[0;32m  OK  [0m[   24.773077] cloud-init[932]: |   . . o .   . o |
] Started Regular background program processing daemon.
[   24.773809] cloud-init[932]: |    . * +   o + .|
[   24.836655] cloud-init[932]: |     B oS. o B * |
[   24.837281] cloud-init[932]: |.   = +.. . B = o|
         Starting Login Service...
[   24.837425] cloud-init[932]: |.. = o =o. = .   |
[   24.867517] cloud-init[932]: |....=ooo= . .    |
         Starting LSB: MD monitoring daemon...
[   24.896688] cloud-init[932]: |. .o+oo. .       |
[   24.940383] cloud-init[932]: +----[SHA256]-----+
         Starting LSB: Record successful boot for GRUB...
         Starting LXD - container startup/shutdown...
         Starting Apply the settings specified in cloud-config...
         Starting Pollinate to seed the pseudo random number generator...
         Starting Snappy daemon...
[[0;32m  OK  [0m] Started System Logging Service.
[[0;32m  OK  [0m] Started /etc/rc.local Compatibility.
[[0;32m  OK  [0m] Started LXD - container startup/shutdown.
[[0;32m  OK  [0m] Started Snappy daemon.
[[0;32m  OK  [0m] Started Login to default iSCSI targets.
[[0;32m  OK  [0m] Started LSB: Record successful boot for GRUB.
[[0;32m  OK  [0m] Started LSB: MD monitoring daemon.
         Starting Authenticate and Authorize Users to Run Privileged Tasks...
[[   25.416037] cloud-init[1072]: Generating locales (this might take a while)...
[0;32m  OK  [0m] Reached target Remote File Systems (Pre).
[[0;32m  OK  [0m] Reached target Remote File Systems.
         Starting LSB: daemon to balance interrupts for SMP systems...
         Starting LSB: VirtualBox Linux Additions...
         Starting LSB: Set the CPU Frequency Scaling governor to "ondemand"...
         Starting Permit User Sessions...
         Starting LSB: automatic crash report generation...
         Starting Auto import assertions from block devices...
[[0;32m  OK  [0m] Started Pollinate to seed the pseudo random number generator.
[[0;32m  OK  [0m] Started Permit User Sessions.
[[0;32m  OK  [0m] Started Auto import assertions from block devices.
[[0;32m  OK  [0m] Started Login Service.
[[0;32m  OK  [0m] Started Authenticate and Authorize Users to Run Privileged Tasks.
[[0;32m  OK  [0m] Started Accounts Service.
[[0;32m  OK  [0m] Started LSB: Set the CPU Frequency Scaling governor to "ondemand".
[[0;32m  OK  [0m] Started LSB: daemon to balance interrupts for SMP systems.
[[0;32m  OK  [0m] Started LSB: VirtualBox Linux Additions.
         Starting Terminate Plymouth Boot Screen...
         Starting Hold until boot process finishes up...
         Starting OpenBSD Secure Shell server...
[[0;32m  OK  [0m] Started OpenBSD Secure Shell server.
[[0;32m  OK  [0m] Started LSB: automatic crash report generation.
[   26.205967] cloud-init[1072]:   en_US.UTF-8... done
[[0;32m  OK  [0m] Started Terminate Plymouth Boot Screen.
[   26.302689] cloud-init[1072]: Generation complete.
[[0;32m  OK  [0m] Started Hold until boot process finishes up.
[[0;32m  OK  [0m] Started Getty on tty1.
[[0;32m  OK  [0m] Started Serial Getty on ttyS0.
[[0;32m  OK  [0m] Reached target Login Prompts.
         Starting Set console scheme...
[[0;32m  OK  [0m] Reached target Multi-User System.
[[0;32m  OK  [0m] Reached target Graphical Interface.
         Starting Update UTMP about System Runlevel Changes...
[[0;32m  OK  [0m] Started Set console scheme.
[[0;32m  OK  [0m] Started Update UTMP about System Runlevel Changes.
         Stopping OpenBSD Secure Shell server...
[[0;32m  OK  [0m] Stopped OpenBSD Secure Shell server.
         Starting OpenBSD Secure Shell server...
[[0;32m  OK  [0m] Started OpenBSD Secure Shell server.
[[0;32m  OK  [0m] Created slice User Slice of ubuntu.
[   27.099740] cloud-init[1072]: Cloud-init v. 0.7.9 running 'modules:config' at Wed, 18 Oct 2017 17:28:12 +0000. Up 25.28 seconds.
         Starting User Manager for UID 1000...
[[0;32m  OK  [0m] Started User Manager for UID 1000.
[[0;32m  OK  [0m] Started Apply the settings specified in cloud-config.
[[0;32m  OK  [0m] Started Session 1 of user ubuntu.
         Starting Execute cloud user/final scripts...
ci-info: no authorized ssh keys fingerprints found for user ubuntu.
<14>Oct 18 17:28:15 ec2: 
<14>Oct 18 17:28:15 ec2: #############################################################
<14>Oct 18 17:28:15 ec2: -----BEGIN SSH HOST KEY FINGERPRINTS-----
<14>Oct 18 17:28:15 ec2: 1024 SHA256:C95xu6ZIcM1/sZgwCFdCuye6cvjDR6WlnxOxg5rhVGA root@ubuntu-xenial (DSA)
<14>Oct 18 17:28:15 ec2: 256 SHA256:eQRqh3IKqqjhkyoC8KQNeXtgKz57hvAnfZ7SLNlARzs root@ubuntu-xenial (ECDSA)
<14>Oct 18 17:28:15 ec2: 256 SHA256:boqW5H4W1KLF6TiOoHb3MQ8Ada/tNTfkWTtmo5JpZVU root@ubuntu-xenial (ED25519)
<14>Oct 18 17:28:15 ec2: 2048 SHA256:tne25OpPmseLZ5MiG9Ouku+5hhli4XuyLIz2mXynGcg root@ubuntu-xenial (RSA)
<14>Oct 18 17:28:15 ec2: -----END SSH HOST KEY FINGERPRINTS-----
<14>Oct 18 17:28:15 ec2: #############################################################
-----BEGIN SSH HOST KEY KEYS-----
ecdsa-sha2-nistp256 AAAAE2VjZHNhLXNoYTItbmlzdHAyNTYAAAAIbmlzdHAyNTYAAABBBMQP09pruJdMEPnNz+byFGqSZxDMUyTvT7s8h7EzQ7BgkQ5G4PVMX8u+6d24zq7266QVOxyZ6+5Y/ea57LLs6F4= root@ubuntu-xenial
ssh-ed25519 AAAAC3NzaC1lZDI1NTE5AAAAIOe2oJf7YFeAoO9e129lVG6DrX0Bj8Jj3LuvH4hh4N8n root@ubuntu-xenial
ssh-rsa AAAAB3NzaC1yc2EAAAADAQABAAABAQC8C2i8tLbMOWu+vppPRh7aX6FyQvV0VGBjoZoNh0YUXMxZiGsc6CW6nbG1RaL73B8gjFvCthVTy1z2KMvpMd3yh9DHLgSyQ+ujyO7RxQclDd8M8iQLGIuw3jkTiDnixyDVtq5359jJ+/F2VSdmEM6fmt165ia39hEs6b9En2hQW2lL1zC9LGO9JvrIHhkKGu2LmYDxOwrrVa/xJ9x5ZJrw5s23HdkClwA222zvIKtNXigy8cMOFwZwd9WeSYPpcHHWPLYDhMksJnCzUeL1pDKMzzOptkjNCxeJ1A3o16r8iiAgHdjXKvh3vKKnlMwxD9R1lRfk8HLdUK4HgWVOs9Nb root@ubuntu-xenial
-----END SSH HOST KEY KEYS-----
[   27.982564] cloud-init[1311]: Cloud-init v. 0.7.9 running 'modules:final' at Wed, 18 Oct 2017 17:28:14 +0000. Up 27.48 seconds.
[   28.047950] cloud-init[1311]: ci-info: no authorized ssh keys fingerprints found for user ubuntu.
[   28.048206] cloud-init[1311]: Cloud-init v. 0.7.9 finished at Wed, 18 Oct 2017 17:28:15 +0000. Datasource DataSourceNoCloud [seed=/dev/sdb][dsmode=net].  Up 27.96 seconds
[[0;32m  OK  [0m] Started Execute cloud user/final scripts.
[[0;32m  OK  [0m] Reached target Cloud-init target.

Ubuntu 16.04.3 LTS ubuntu-xenial ttyS0

ubuntu-xenial login: 